<?xml version="1.0" encoding="UTF-8"?>
<testng-results ignored="0" total="1" passed="1" failed="0" skipped="0">
  <reporter-output>
  </reporter-output>
  <suite started-at="2024-09-16T12:25:33 IST" name="Default suite" finished-at="2024-09-16T12:25:35 IST" duration-ms="2280">
    <groups>
    </groups>
    <test started-at="2024-09-16T12:25:33 IST" name="Default test" finished-at="2024-09-16T12:25:35 IST" duration-ms="2280">
      <class name="Day1.HTTPRequests">
        <test-method signature="loginUser()[pri:0, instance:Day1.HTTPRequests@6e6f2380]" started-at="2024-09-16T12:25:33 IST" name="loginUser" finished-at="2024-09-16T12:25:35 IST" duration-ms="2250" status="PASS">
          <reporter-output>
          </reporter-output>
        </test-method> <!-- loginUser -->
      </class> <!-- Day1.HTTPRequests -->
    </test> <!-- Default test -->
  </suite> <!-- Default suite -->
</testng-results>
